<?xml version="1.0" encoding="UTF-8"?>
<!-- Generated by org.testng.reporters.JUnitXMLReporter -->
<testsuite hostname="Windows10-PC" ignored="0" name="Test" tests="9" failures="1" timestamp="2022-01-25T14:15:52 IST" time="183.899" errors="0">
  <testcase name="LogoPagelogoTest" time="2.031" classname="com.livetest.LoginPageTest"/>
  <testcase name="LogoPageloginTest" time="7.189" classname="com.livetest.LoginPageTest"/>
  <testcase name="LogoPageloginTest" time="3.665" classname="com.livetest.LoginPageTest"/>
  <testcase name="LogoPageloginTest" time="5.61" classname="com.livetest.LoginPageTest"/>
  <testcase name="LogoPageloginTest" time="4.723" classname="com.livetest.LoginPageTest"/>
  <testcase name="LogoPageloginTest" time="4.783" classname="com.livetest.LoginPageTest"/>
  <testcase name="LogoPageloginTest" time="5.679" classname="com.livetest.LoginPageTest"/>
  <testcase name="LogoPageloginTest" time="11.275" classname="com.livetest.LoginPageTest"/>
  <testcase name="validateManagerIDTest" time="0.007" classname="com.livetest.HomePageTest">
    <failure type="java.lang.NullPointerException">
      <![CDATA[java.lang.NullPointerException
at com.livepage.HomePageObjects.managerIDvalue(HomePageObjects.java:15)
at com.livetest.HomePageTest.validateManagerIDTest(HomePageTest.java:32)
at java.util.concurrent.ThreadPoolExecutor.runWorker(Unknown Source)
at java.util.concurrent.ThreadPoolExecutor$Worker.run(Unknown Source)
at java.lang.Thread.run(Unknown Source)
... Removed 12 stack frames]]>
    </failure>
  </testcase> <!-- validateManagerIDTest -->
</testsuite> <!-- Test -->
