<?xml version="1.0" encoding="UTF-8"?>
<!-- Generated by org.testng.reporters.JUnitXMLReporter -->
<testsuite hostname="Windows10-PC" ignored="0" name="Default test" tests="7" failures="0" timestamp="2022-01-27T22:59:27 IST" time="92.743" errors="0">
  <testcase name="messageDisplayedTest" time="9.654" classname="com.livetest.DeleteCusPageTest"/>
  <testcase name="validateDeleteNotACustomerTest" time="3.506" classname="com.livetest.DeleteCusPageTest"/>
  <testcase name="validateDeleteNotACustomerTest" time="4.24" classname="com.livetest.DeleteCusPageTest"/>
  <testcase name="validateDeleteNotACustomerTest" time="4.167" classname="com.livetest.DeleteCusPageTest"/>
  <testcase name="validateDeleteNotACustomerTest" time="6.589" classname="com.livetest.DeleteCusPageTest"/>
  <testcase name="validateDeleteNotACustomerTest" time="5.505" classname="com.livetest.DeleteCusPageTest"/>
  <testcase name="validateDeleteNotACustomerTest" time="5.548" classname="com.livetest.DeleteCusPageTest"/>
</testsuite> <!-- Default test -->
