<?xml version="1.0" encoding="UTF-8"?>
<!-- Generated by org.testng.reporters.JUnitXMLReporter -->
<testsuite hostname="Windows10-PC" ignored="1" name="Default test" tests="1" failures="0" timestamp="2022-01-22T15:21:16 IST" time="30.258" errors="0">
  <testcase name="LogoPagelogoTest" time="0.856" classname="com.livetest.LoginPageTest"/>
  <testcase name="LogoPageloginTest" time="0.0" classname="com.livetest.LoginPageTest">
    <ignored/>
  </testcase> <!-- LogoPageloginTest -->
</testsuite> <!-- Default test -->
