<?xml version="1.0" encoding="UTF-8"?>
<!-- Generated by org.testng.reporters.JUnitXMLReporter -->
<testsuite hostname="Windows10-PC" ignored="1" name="Test(failed)(failed)(failed)(failed)" tests="1" failures="0" timestamp="2022-01-21T14:13:35 IST" time="27.219" errors="0">
  <testcase name="LogoPageloginTest" time="12.658" classname="com.livetest.LoginPageTest"/>
  <testcase name="LogoPagelogoTest" time="0.0" classname="com.livetest.LoginPageTest">
    <ignored/>
  </testcase> <!-- LogoPagelogoTest -->
</testsuite> <!-- Test(failed)(failed)(failed)(failed) -->
