<?xml version="1.0" encoding="UTF-8"?>
<testng-results skipped="0" failed="2" ignored="0" total="9" passed="7">
  <reporter-output>
  </reporter-output>
  <suite name="Suite" duration-ms="93239" started-at="2022-01-22T21:11:59 IST" finished-at="2022-01-22T21:13:32 IST">
    <groups>
    </groups>
    <test name="Test" duration-ms="93239" started-at="2022-01-22T21:11:59 IST" finished-at="2022-01-22T21:13:32 IST">
      <class name="com.livetest.LoginPageTest">
        <test-method status="PASS" signature="setup()[pri:0, instance:com.livetest.LoginPageTest@1bf57b3]" name="setup" is-config="true" duration-ms="27799" started-at="2022-01-22T21:11:59 IST" finished-at="2022-01-22T21:12:27 IST">
          <reporter-output>
          </reporter-output>
        </test-method> <!-- setup -->
        <test-method status="FAIL" signature="LogoPagelogoTest()[pri:0, instance:com.livetest.LoginPageTest@1bf57b3]" name="LogoPagelogoTest" duration-ms="1975" started-at="2022-01-22T21:12:27 IST" finished-at="2022-01-22T21:12:29 IST">
          <exception class="java.lang.AssertionError">
            <message>
              <![CDATA[expected [false] but found [true]]]>
            </message>
            <full-stacktrace>
              <![CDATA[java.lang.AssertionError: expected [false] but found [true]
at org.testng.Assert.fail(Assert.java:99)
at org.testng.Assert.failNotEquals(Assert.java:1037)
at org.testng.Assert.assertFalse(Assert.java:67)
at org.testng.Assert.assertFalse(Assert.java:77)
at com.livetest.LoginPageTest.LogoPagelogoTest(LoginPageTest.java:57)
at sun.reflect.NativeMethodAccessorImpl.invoke0(Native Method)
at sun.reflect.NativeMethodAccessorImpl.invoke(Unknown Source)
at sun.reflect.DelegatingMethodAccessorImpl.invoke(Unknown Source)
at java.lang.reflect.Method.invoke(Unknown Source)
at org.testng.internal.MethodInvocationHelper.invokeMethod(MethodInvocationHelper.java:133)
at org.testng.internal.TestInvoker.invokeMethod(TestInvoker.java:598)
at org.testng.internal.TestInvoker.invokeTestMethod(TestInvoker.java:173)
at org.testng.internal.MethodRunner.runInSequence(MethodRunner.java:46)
at org.testng.internal.TestInvoker$MethodInvocationAgent.invoke(TestInvoker.java:824)
at org.testng.internal.TestInvoker.invokeTestMethods(TestInvoker.java:146)
at org.testng.internal.TestMethodWorker.invokeTestMethods(TestMethodWorker.java:146)
at org.testng.internal.TestMethodWorker.run(TestMethodWorker.java:128)
at java.util.concurrent.ThreadPoolExecutor.runWorker(Unknown Source)
at java.util.concurrent.ThreadPoolExecutor$Worker.run(Unknown Source)
at java.lang.Thread.run(Unknown Source)
]]>
            </full-stacktrace>
          </exception> <!-- java.lang.AssertionError -->
          <reporter-output>
          </reporter-output>
        </test-method> <!-- LogoPagelogoTest -->
        <test-method status="PASS" signature="LogoPageloginTest(java.lang.String,java.lang.String,java.lang.String)[pri:1, instance:com.livetest.LoginPageTest@1bf57b3]" name="LogoPageloginTest" duration-ms="8892" started-at="2022-01-22T21:12:38 IST" data-provider="Differentsetofdataforlogin" finished-at="2022-01-22T21:12:47 IST">
          <params>
            <param index="0">
              <value>
                <![CDATA[btnLogin]]>
              </value>
            </param>
            <param index="1">
              <value>
                <![CDATA[UmYgepY]]>
              </value>
            </param>
            <param index="2">
              <value>
                <![CDATA[Passwordcorrect]]>
              </value>
            </param>
          </params>
          <reporter-output>
          </reporter-output>
        </test-method> <!-- LogoPageloginTest -->
        <test-method status="PASS" signature="LogoPageloginTest(java.lang.String,java.lang.String,java.lang.String)[pri:1, instance:com.livetest.LoginPageTest@1bf57b3]" name="LogoPageloginTest" duration-ms="7261" started-at="2022-01-22T21:12:47 IST" data-provider="Differentsetofdataforlogin" finished-at="2022-01-22T21:12:54 IST">
          <params>
            <param index="0">
              <value>
                <![CDATA[mngr381722]]>
              </value>
            </param>
            <param index="1">
              <value>
                <![CDATA[btnLogin]]>
              </value>
            </param>
            <param index="2">
              <value>
                <![CDATA[Usernamecorrect]]>
              </value>
            </param>
          </params>
          <reporter-output>
          </reporter-output>
        </test-method> <!-- LogoPageloginTest -->
        <test-method status="PASS" signature="LogoPageloginTest(java.lang.String,java.lang.String,java.lang.String)[pri:1, instance:com.livetest.LoginPageTest@1bf57b3]" name="LogoPageloginTest" duration-ms="7390" started-at="2022-01-22T21:12:54 IST" data-provider="Differentsetofdataforlogin" finished-at="2022-01-22T21:13:01 IST">
          <params>
            <param index="0">
              <value>
                <![CDATA[btnLogin]]>
              </value>
            </param>
            <param index="1">
              <value>
                <![CDATA[btnLogin]]>
              </value>
            </param>
            <param index="2">
              <value>
                <![CDATA[Both wrong]]>
              </value>
            </param>
          </params>
          <reporter-output>
          </reporter-output>
        </test-method> <!-- LogoPageloginTest -->
        <test-method status="PASS" signature="LogoPageloginTest(java.lang.String,java.lang.String,java.lang.String)[pri:1, instance:com.livetest.LoginPageTest@1bf57b3]" name="LogoPageloginTest" duration-ms="5106" started-at="2022-01-22T21:13:01 IST" data-provider="Differentsetofdataforlogin" finished-at="2022-01-22T21:13:06 IST">
          <params>
            <param index="0">
              <value>
                <![CDATA[mngr381722]]>
              </value>
            </param>
            <param index="1">
              <value>
                <![CDATA[ ]]>
              </value>
            </param>
            <param index="2">
              <value>
                <![CDATA[Password blank]]>
              </value>
            </param>
          </params>
          <reporter-output>
          </reporter-output>
        </test-method> <!-- LogoPageloginTest -->
        <test-method status="PASS" signature="LogoPageloginTest(java.lang.String,java.lang.String,java.lang.String)[pri:1, instance:com.livetest.LoginPageTest@1bf57b3]" name="LogoPageloginTest" duration-ms="5052" started-at="2022-01-22T21:13:06 IST" data-provider="Differentsetofdataforlogin" finished-at="2022-01-22T21:13:11 IST">
          <params>
            <param index="0">
              <value>
                <![CDATA[ ]]>
              </value>
            </param>
            <param index="1">
              <value>
                <![CDATA[UmYgepY]]>
              </value>
            </param>
            <param index="2">
              <value>
                <![CDATA[Username blank]]>
              </value>
            </param>
          </params>
          <reporter-output>
          </reporter-output>
        </test-method> <!-- LogoPageloginTest -->
        <test-method status="PASS" signature="LogoPageloginTest(java.lang.String,java.lang.String,java.lang.String)[pri:1, instance:com.livetest.LoginPageTest@1bf57b3]" name="LogoPageloginTest" duration-ms="6146" started-at="2022-01-22T21:13:11 IST" data-provider="Differentsetofdataforlogin" finished-at="2022-01-22T21:13:18 IST">
          <params>
            <param index="0">
              <value>
                <![CDATA[ ]]>
              </value>
            </param>
            <param index="1">
              <value>
                <![CDATA[ ]]>
              </value>
            </param>
            <param index="2">
              <value>
                <![CDATA[Both blank]]>
              </value>
            </param>
          </params>
          <reporter-output>
          </reporter-output>
        </test-method> <!-- LogoPageloginTest -->
        <test-method status="FAIL" signature="LogoPageloginTest(java.lang.String,java.lang.String,java.lang.String)[pri:1, instance:com.livetest.LoginPageTest@1bf57b3]" name="LogoPageloginTest" duration-ms="10216" started-at="2022-01-22T21:13:18 IST" data-provider="Differentsetofdataforlogin" finished-at="2022-01-22T21:13:28 IST">
          <params>
            <param index="0">
              <value>
                <![CDATA[mngr381722]]>
              </value>
            </param>
            <param index="1">
              <value>
                <![CDATA[UmYgepY]]>
              </value>
            </param>
            <param index="2">
              <value>
                <![CDATA[Both correct]]>
              </value>
            </param>
          </params>
          <exception class="java.lang.AssertionError">
            <message>
              <![CDATA[did not expect [Guru99 Bank Manager HomePage] but found [Guru99 Bank Manager HomePage]]]>
            </message>
            <full-stacktrace>
              <![CDATA[java.lang.AssertionError: did not expect [Guru99 Bank Manager HomePage] but found [Guru99 Bank Manager HomePage]
at org.testng.Assert.fail(Assert.java:99)
at org.testng.Assert.failEquals(Assert.java:1041)
at org.testng.Assert.assertNotEqualsImpl(Assert.java:147)
at org.testng.Assert.assertNotEquals(Assert.java:1531)
at org.testng.Assert.assertNotEquals(Assert.java:1535)
at com.livetest.LoginPageTest.LogoPageloginTest(LoginPageTest.java:72)
at sun.reflect.NativeMethodAccessorImpl.invoke0(Native Method)
at sun.reflect.NativeMethodAccessorImpl.invoke(Unknown Source)
at sun.reflect.DelegatingMethodAccessorImpl.invoke(Unknown Source)
at java.lang.reflect.Method.invoke(Unknown Source)
at org.testng.internal.MethodInvocationHelper.invokeMethod(MethodInvocationHelper.java:133)
at org.testng.internal.TestInvoker.invokeMethod(TestInvoker.java:598)
at org.testng.internal.TestInvoker.invokeTestMethod(TestInvoker.java:173)
at org.testng.internal.MethodRunner.runInSequence(MethodRunner.java:46)
at org.testng.internal.TestInvoker$MethodInvocationAgent.invoke(TestInvoker.java:824)
at org.testng.internal.TestInvoker.invokeTestMethods(TestInvoker.java:146)
at org.testng.internal.TestMethodWorker.invokeTestMethods(TestMethodWorker.java:146)
at org.testng.internal.TestMethodWorker.run(TestMethodWorker.java:128)
at java.util.concurrent.ThreadPoolExecutor.runWorker(Unknown Source)
at java.util.concurrent.ThreadPoolExecutor$Worker.run(Unknown Source)
at java.lang.Thread.run(Unknown Source)
]]>
            </full-stacktrace>
          </exception> <!-- java.lang.AssertionError -->
          <reporter-output>
          </reporter-output>
        </test-method> <!-- LogoPageloginTest -->
        <test-method status="PASS" signature="tearDown()[pri:0, instance:com.livetest.LoginPageTest@1bf57b3]" name="tearDown" is-config="true" duration-ms="3761" started-at="2022-01-22T21:13:28 IST" finished-at="2022-01-22T21:13:32 IST">
          <reporter-output>
          </reporter-output>
        </test-method> <!-- tearDown -->
      </class> <!-- com.livetest.LoginPageTest -->
      <class name="com.livetest.HomePageTest">
        <test-method status="PASS" signature="sample()[pri:3, instance:com.livetest.HomePageTest@d7259e]" name="sample" duration-ms="192" started-at="2022-01-22T21:12:27 IST" finished-at="2022-01-22T21:12:27 IST">
          <reporter-output>
          </reporter-output>
        </test-method> <!-- sample -->
      </class> <!-- com.livetest.HomePageTest -->
    </test> <!-- Test -->
  </suite> <!-- Suite -->
</testng-results>
